<?xml version="1.0" encoding="UTF-8"?>
<!-- Generated by org.testng.reporters.JUnitXMLReporter -->
<testsuite ignored="1" hostname="DESKTOP-ECEJMBQ" failures="1" tests="1" name="LoginTest" time="8.647" errors="0" timestamp="13 Aug 2023 16:07:11 GMT">
  <testcase classname="com.nopecommerce.scripts.LoginFeature" name="logintestcase_1001" time="1.997">
    <failure type="java.lang.AssertionError" message="expected [Login was unsuccessful. Please correct the errors and try again. 
No customer account found] but found [Login was unsuccessful. Please correct the errors and try again.
No customer account found]">
      <![CDATA[java.lang.AssertionError: expected [Login was unsuccessful. Please correct the errors and try again. 
No customer account found] but found [Login was unsuccessful. Please correct the errors and try again.
No customer account found]
	at com.nopecommerce.scripts.LoginFeature.logintestcase_1001(LoginFeature.java:30)
... Removed 29 stack frames]]>
    </failure>
  </testcase> <!-- logintestcase_1001 -->
  <testcase classname="com.nopecommerce.scripts.LoginFeature" name="logintestcase_1002" time="0.0">
    <ignored/>
  </testcase> <!-- logintestcase_1002 -->
</testsuite> <!-- LoginTest -->
